<?xml version="1.0" encoding="UTF-8"?>
<testng-results ignored="0" total="1" passed="1" failed="0" skipped="0">
  <reporter-output>
  </reporter-output>
  <suite started-at="2023-04-16T21:27:13 IST" name="Default suite" finished-at="2023-04-16T21:27:56 IST" duration-ms="43720">
    <groups>
    </groups>
    <test started-at="2023-04-16T21:27:13 IST" name="Default test" finished-at="2023-04-16T21:27:56 IST" duration-ms="43720">
      <class name="testCases.SmokeTest">
        <test-method is-config="true" signature="test()[pri:0, instance:testCases.SmokeTest@784b990c]" started-at="2023-04-16T21:27:13 IST" name="test" finished-at="2023-04-16T21:27:35 IST" duration-ms="22446" status="PASS">
          <reporter-output>
          </reporter-output>
        </test-method> <!-- test -->
        <test-method signature="hospitalTest()[pri:0, instance:testCases.SmokeTest@784b990c]" started-at="2023-04-16T21:27:35 IST" name="hospitalTest" finished-at="2023-04-16T21:27:52 IST" duration-ms="17215" status="PASS">
          <reporter-output>
          </reporter-output>
        </test-method> <!-- hospitalTest -->
        <test-method is-config="true" signature="afterMethod()[pri:0, instance:testCases.SmokeTest@784b990c]" started-at="2023-04-16T21:27:52 IST" name="afterMethod" finished-at="2023-04-16T21:27:53 IST" duration-ms="308" status="PASS">
          <reporter-output>
          </reporter-output>
        </test-method> <!-- afterMethod -->
        <test-method is-config="true" signature="closeBrowser()[pri:0, instance:testCases.SmokeTest@784b990c]" started-at="2023-04-16T21:27:53 IST" name="closeBrowser" finished-at="2023-04-16T21:27:56 IST" duration-ms="3720" status="PASS">
          <reporter-output>
          </reporter-output>
        </test-method> <!-- closeBrowser -->
      </class> <!-- testCases.SmokeTest -->
    </test> <!-- Default test -->
  </suite> <!-- Default suite -->
</testng-results>
